BLASTP 2.3.1+
Reference: Stephen F. Altschul, Thomas L. Madden, Alejandro
A. Schaffer, Jinghui Zhang, Zheng Zhang, Webb Miller, and
David J. Lipman (1997), "Gapped BLAST and PSI-BLAST: a new
generation of protein database search programs", Nucleic
Acids Res. 25:3389-3402.


RID: FRZ2FA12015


Database: All non-redundant GenBank CDS
translations+PDB+SwissProt+PIR+PRF excluding environmental samples
from WGS projects
           84,060,097 sequences; 30,803,427,846 total letters
Query= 
Length=12


                                                                   Score     E
Sequences producing significant alignments:                       (Bits)  Value

ref|XP_002104521.1|  GD18403 [Drosophila simulans]                 44.3    7e-04
ref|XP_002098392.1|  uncharacterized protein Dyak_GE23980, iso...  44.3    8e-04
ref|XP_002032309.1|  GM23589 [Drosophila sechellia]                44.3    8e-04
ref|XP_001982177.1|  uncharacterized protein Dere_GG12458, iso...  44.3    8e-04
gb|AAA28604.1|  hedgehog protein [Drosophila melanogaster]         44.3    8e-04
ref|NP_001034065.1|  hedgehog [Drosophila melanogaster]            44.3    8e-04
prf||1905316A  hedgehog gene                                       44.3    8e-04
gb|KMZ05260.1|  LOW QUALITY PROTEIN: uncharacterized protein D...  44.3    8e-04
ref|XP_008170042.1|  PREDICTED: protein FAM47E [Chrysemys pict...  29.9    43   
emb|CCV08053.1|  hypothetical protein MESS2_70025 [Mesorhizobi...  29.5    47   
ref|XP_001358303.2|  uncharacterized protein Dpse_GA18321 [Dro...  29.5    59   
ref|XP_002013047.1|  GL23598 [Drosophila persimilis]               29.5    59   
ref|WP_007923009.1|  ferredoxin [Ktedonobacter racemifer]          29.1    64   
ref|WP_052348187.1|  hypothetical protein [Thiorhodococcus sp....  29.1    79   
ref|XP_001953955.1|  uncharacterized protein Dana_GF18029, iso...  29.1    80   
ref|WP_035687260.1|  hypothetical protein [Avibacterium paraga...  28.6    103  
ref|WP_017805891.1|  hypothetical protein [Avibacterium paraga...  28.6    103  
gb|EMP29475.1|  Protein Shroom3 [Chelonia mydas]                   28.6    112  
ref|XP_008170041.1|  PREDICTED: protein Shroom3 [Chrysemys pic...  28.6    113  
ref|XP_007066560.1|  PREDICTED: LOW QUALITY PROTEIN: protein S...  28.6    113  
gb|ALG04386.1|  homeodomain transcription factor HD2, partial ...  28.2    138  
gb|ALG04434.1|  homeodomain transcription factor HD2 [Leucospo...  28.2    138  
emb|CAL26621.1|  CG13934 [Drosophila melanogaster]                 27.8    186  
ref|XP_013798681.1|  PREDICTED: coiled-coil domain-containing ...  27.8    195  
ref|XP_009679220.1|  PREDICTED: coiled-coil domain-containing ...  27.8    195  
ref|WP_013509073.1|  nitrilase [Pantoea sp. At-9b]                 27.8    199  
ref|WP_021183260.1|  Plant-induced nitrilase hydrolyses beta-c...  27.8    199  
ref|WP_026140204.1|  nitrilase [Pseudomonas veronii]               27.8    199  
ref|XP_007776946.1|  hypothetical protein W97_00844 [Coniospor...  27.8    201  
emb|CEL00727.1|  hypothetical protein ASPCAL00323 [Aspergillus...  27.8    203  
emb|CEL00726.1|  hypothetical protein ASPCAL00323 [Aspergillus...  27.8    203  
ref|XP_014279410.1|  PREDICTED: ran-binding protein 9-like [Ha...  27.8    203  
ref|XP_001886236.1|  predicted protein [Laccaria bicolor S238N...  27.8    208  
ref|WP_027953478.1|  transcription-repair coupling factor [Hal...  27.4    281  
ref|XP_001608973.1|  hypothetical protein [Babesia bovis T2Bo]     27.4    284  
ref|WP_046935227.1|  hypothetical protein [Xanthomonas perforans]  26.9    316  
gb|KDQ34217.1|  hypothetical protein PLEOSDRAFT_1088066 [Pleur...  26.9    325  
ref|WP_039420079.1|  MULTISPECIES: hypothetical protein [Xanth...  26.9    332  
gb|AJY42791.1|  hypothetical protein BW21_537 [Burkholderia sp...  26.9    351  
gb|KHJ90606.1|  hypothetical protein OESDEN_09549 [Oesophagost...  26.9    352  
ref|WP_006029379.1|  MULTISPECIES: nitrilase [Burkholderia]        26.9    357  
ref|WP_015752407.1|  NUDIX hydrolase [Desulfohalobium retbaense]   26.9    360  
ref|WP_053525719.1|  nitrilase [Burkholderia cenocepacia]          26.9    360  
ref|WP_038862136.1|  nitrilase [Pseudomonas sp. R62]               26.9    362  
ref|WP_049030823.1|  nitrilase [Burkholderia cenocepacia]          26.9    363  
gb|ADM98318.1|  Nitrilase/cyanide hydratase and apolipoprotein...  26.9    366  
ref|WP_017424508.1|  nitrilase [Burkholderia glumae]               26.9    368  
gb|KUR75370.1|  nitrilase [Novosphingobium sp. Fuku2-ISO-50]       26.9    369  
ref|WP_054597188.1|  nitrilase [Pseudomonas fluorescens]           26.9    369  
ref|WP_060839417.1|  MULTISPECIES: nitrilase [Pseudomonas]         26.9    369  

ALIGNMENTS
>ref|XP_002104521.1| GD18403 [Drosophila simulans]
Length=395

 Score = 44.3 bits (97),  Expect = 7e-04
 Identities = 12/12 (100%), Positives = 12/12 (100%), Gaps = 0/12 (0%)

Query  1   MRHIAHTQRCLS  12
           MRHIAHTQRCLS
Sbjct  49  MRHIAHTQRCLS  60


>ref|XP_002098392.1| uncharacterized protein Dyak_GE23980, isoform A [Drosophila yakuba]
Length=465

 Score = 44.3 bits (97),  Expect = 8e-04
 Identities = 12/12 (100%), Positives = 12/12 (100%), Gaps = 0/12 (0%)

Query  1   MRHIAHTQRCLS  12
           MRHIAHTQRCLS
Sbjct  45  MRHIAHTQRCLS  56


>ref|XP_002032309.1| GM23589 [Drosophila sechellia]
Length=465

 Score = 44.3 bits (97),  Expect = 8e-04
 Identities = 12/12 (100%), Positives = 12/12 (100%), Gaps = 0/12 (0%)

Query  1   MRHIAHTQRCLS  12
           MRHIAHTQRCLS
Sbjct  45  MRHIAHTQRCLS  56


>gb|EDV54047.1| uncharacterized protein Dere_GG12458, isoform A [Drosophila erecta]
Length=465

 Score = 44.3 bits (97),  Expect = 8e-04
 Identities = 12/12 (100%), Positives = 12/12 (100%), Gaps = 0/12 (0%)

Query  1   MRHIAHTQRCLS  12
           MRHIAHTQRCLS
Sbjct  45  MRHIAHTQRCLS  56


>gb|AAA28604.1| hedgehog protein [Drosophila melanogaster]
Length=471

 Score = 44.3 bits (97),  Expect = 8e-04
 Identities = 12/12 (100%), Positives = 12/12 (100%), Gaps = 0/12 (0%)

Query  1   MRHIAHTQRCLS  12
           MRHIAHTQRCLS
Sbjct  51  MRHIAHTQRCLS  62


>ref|NP_001034065.1| hedgehog [Drosophila melanogaster]
Length=471

 Score = 44.3 bits (97),  Expect = 8e-04
 Identities = 12/12 (100%), Positives = 12/12 (100%), Gaps = 0/12 (0%)

Query  1   MRHIAHTQRCLS  12
           MRHIAHTQRCLS
Sbjct  51  MRHIAHTQRCLS  62


>prf||1905316A hedgehog gene
Length=471

 Score = 44.3 bits (97),  Expect = 8e-04
 Identities = 12/12 (100%), Positives = 12/12 (100%), Gaps = 0/12 (0%)

Query  1   MRHIAHTQRCLS  12
           MRHIAHTQRCLS
Sbjct  51  MRHIAHTQRCLS  62


>gb|KMZ05260.1| LOW QUALITY PROTEIN: uncharacterized protein Dsimw501_GD18403 
[Drosophila simulans]
Length=475

 Score = 44.3 bits (97),  Expect = 8e-04
 Identities = 12/12 (100%), Positives = 12/12 (100%), Gaps = 0/12 (0%)

Query  1   MRHIAHTQRCLS  12
           MRHIAHTQRCLS
Sbjct  50  MRHIAHTQRCLS  61


>ref|XP_008170042.1| PREDICTED: protein FAM47E [Chrysemys picta bellii]
Length=426

 Score = 29.9 bits (63),  Expect = 43
 Identities = 8/10 (80%), Positives = 10/10 (100%), Gaps = 0/10 (0%)

Query  3    HIAHTQRCLS  12
            HIA+T+RCLS
Sbjct  94   HIAQTERCLS  103


>emb|CCV08053.1| hypothetical protein MESS2_70025 [Mesorhizobium metallidurans 
STM 2683]
Length=81

 Score = 29.5 bits (62),  Expect = 47
 Identities = 9/12 (75%), Positives = 9/12 (75%), Gaps = 2/12 (17%)

Query  1   MRHIAHTQRCLS  12
           M HIA  QRCLS
Sbjct  1   MKHIA--QRCLS  10


>ref|XP_001358303.2| uncharacterized protein Dpse_GA18321 [Drosophila pseudoobscura 
pseudoobscura]
Length=481

 Score = 29.5 bits (62),  Expect = 59
 Identities = 8/10 (80%), Positives = 9/10 (90%), Gaps = 0/10 (0%)

Query  1   MRHIAHTQRC  10
           +RHIA TQRC
Sbjct  59  LRHIAYTQRC  68


>ref|XP_002013047.1| GL23598 [Drosophila persimilis]
Length=481

 Score = 29.5 bits (62),  Expect = 59
 Identities = 8/10 (80%), Positives = 9/10 (90%), Gaps = 0/10 (0%)

Query  1   MRHIAHTQRC  10
           +RHIA TQRC
Sbjct  59  LRHIAYTQRC  68


>ref|WP_007923009.1| ferredoxin [Ktedonobacter racemifer]
Length=80

 Score = 29.1 bits (61),  Expect = 64
 Identities = 8/10 (80%), Positives = 8/10 (80%), Gaps = 0/10 (0%)

Query  1  MRHIAHTQRC  10
          MR IAHTQ C
Sbjct  1  MRVIAHTQKC  10


>ref|WP_052348187.1| hypothetical protein [Thiorhodococcus sp. AK35]
Length=322

 Score = 29.1 bits (61),  Expect = 79
 Identities = 8/8 (100%), Positives = 8/8 (100%), Gaps = 0/8 (0%)

Query  5    AHTQRCLS  12
            AHTQRCLS
Sbjct  307  AHTQRCLS  314


>ref|XP_001953955.1| uncharacterized protein Dana_GF18029, isoform A [Drosophila ananassae]
Length=472

 Score = 29.1 bits (61),  Expect = 80
 Identities = 8/9 (89%), Positives = 8/9 (89%), Gaps = 0/9 (0%)

Query  2   RHIAHTQRC  10
           RHIA TQRC
Sbjct  51  RHIAYTQRC  59


>ref|WP_035687260.1| hypothetical protein [Avibacterium paragallinarum]
Length=185

 Score = 28.6 bits (60),  Expect = 103
 Identities = 9/14 (64%), Positives = 9/14 (64%), Gaps = 4/14 (29%)

Query  2    RHIAHTQ----RCL  11
            RHI HTQ    RCL
Sbjct  158  RHITHTQQRKARCL  171


>ref|WP_017805891.1| hypothetical protein [Avibacterium paragallinarum]
Length=189

 Score = 28.6 bits (60),  Expect = 103
 Identities = 9/14 (64%), Positives = 9/14 (64%), Gaps = 4/14 (29%)

Query  2    RHIAHTQ----RCL  11
            RHI HTQ    RCL
Sbjct  162  RHITHTQQRKARCL  175


>gb|EMP29475.1| Protein Shroom3 [Chelonia mydas]
Length=1826

 Score = 28.6 bits (60),  Expect = 112
 Identities = 8/11 (73%), Positives = 8/11 (73%), Gaps = 0/11 (0%)

Query  2     RHIAHTQRCLS  12
             RHI  TQRC S
Sbjct  1149  RHISRTQRCVS  1159


>ref|XP_008170041.1| PREDICTED: protein Shroom3 [Chrysemys picta bellii]
Length=1996

 Score = 28.6 bits (60),  Expect = 113
 Identities = 8/11 (73%), Positives = 8/11 (73%), Gaps = 0/11 (0%)

Query  2     RHIAHTQRCLS  12
             RHI  TQRC S
Sbjct  1313  RHISRTQRCVS  1323


>ref|XP_007066560.1| PREDICTED: LOW QUALITY PROTEIN: protein Shroom3 [Chelonia mydas]
Length=2032

 Score = 28.6 bits (60),  Expect = 113
 Identities = 8/11 (73%), Positives = 8/11 (73%), Gaps = 0/11 (0%)

Query  2     RHIAHTQRCLS  12
             RHI  TQRC S
Sbjct  1366  RHISRTQRCVS  1376


>gb|ALG04386.1| homeodomain transcription factor HD2, partial [Leucosporidium 
yakuticum]
Length=159

 Score = 28.2 bits (59),  Expect = 138
 Identities = 9/12 (75%), Positives = 10/12 (83%), Gaps = 1/12 (8%)

Query  1   MRHIA-HTQRCL  11
           MR+IA  TQRCL
Sbjct  5   MRQIACETQRCL  16


>gb|ALG04434.1| homeodomain transcription factor HD2, partial [Leucosporidium 
scottii]
Length=160

 Score = 28.2 bits (59),  Expect = 138
 Identities = 9/12 (75%), Positives = 10/12 (83%), Gaps = 1/12 (8%)

Query  1   MRHIA-HTQRCL  11
           MR+IA  TQRCL
Sbjct  5   MRQIACETQRCL  16


>emb|CAL26621.1| CG13934 [Drosophila melanogaster]
Length=143

 Score = 27.8 bits (58),  Expect = 186
 Identities = 8/9 (89%), Positives = 8/9 (89%), Gaps = 0/9 (0%)

Query  1   MRHIAHTQR  9
           M HIAHTQR
Sbjct  21  MLHIAHTQR  29


>ref|XP_013798681.1| PREDICTED: coiled-coil domain-containing protein 24 [Apteryx 
australis mantelli]
Length=234

 Score = 27.8 bits (58),  Expect = 195
 Identities = 8/9 (89%), Positives = 8/9 (89%), Gaps = 0/9 (0%)

Query  3   HIAHTQRCL  11
           HIAH QRCL
Sbjct  62  HIAHLQRCL  70


>ref|XP_009679220.1| PREDICTED: coiled-coil domain-containing protein 24 [Struthio 
camelus australis]
Length=235

 Score = 27.8 bits (58),  Expect = 195
 Identities = 8/9 (89%), Positives = 8/9 (89%), Gaps = 0/9 (0%)

Query  3   HIAHTQRCL  11
           HIAH QRCL
Sbjct  62  HIAHLQRCL  70


>ref|WP_013509073.1| nitrilase [Pantoea sp. At-9b]
Length=306

 Score = 27.8 bits (58),  Expect = 199
 Identities = 10/14 (71%), Positives = 10/14 (71%), Gaps = 2/14 (14%)

Query  1    MRHIAHTQRC--LS  12
            MRHIAH  RC  LS
Sbjct  200  MRHIAHEGRCFVLS  213


>ref|WP_021183260.1| Plant-induced nitrilase hydrolyses beta-cyano-L-alanine [Pantoea 
sp. AS-PWVM4]
Length=306

 Score = 27.8 bits (58),  Expect = 199
 Identities = 10/14 (71%), Positives = 10/14 (71%), Gaps = 2/14 (14%)

Query  1    MRHIAHTQRC--LS  12
            MRHIAH  RC  LS
Sbjct  200  MRHIAHEGRCFVLS  213


>ref|WP_026140204.1| nitrilase [Pseudomonas veronii]
Length=308

 Score = 27.8 bits (58),  Expect = 199
 Identities = 8/10 (80%), Positives = 8/10 (80%), Gaps = 0/10 (0%)

Query  1    MRHIAHTQRC  10
            MRHIAH  RC
Sbjct  200  MRHIAHESRC  209


>ref|XP_007776946.1| hypothetical protein W97_00844 [Coniosporium apollinis CBS 100218]
Length=391

 Score = 27.8 bits (58),  Expect = 201
 Identities = 8/11 (73%), Positives = 9/11 (82%), Gaps = 0/11 (0%)

Query  2    RHIAHTQRCLS  12
            RH+A  QRCLS
Sbjct  252  RHVALSQRCLS  262


>emb|CEL00727.1| hypothetical protein ASPCAL00323 [Aspergillus calidoustus]
Length=470

 Score = 27.8 bits (58),  Expect = 203
 Identities = 7/7 (100%), Positives = 7/7 (100%), Gaps = 0/7 (0%)

Query  1    MRHIAHT  7
            MRHIAHT
Sbjct  144  MRHIAHT  150


>emb|CEL00726.1| hypothetical protein ASPCAL00323 [Aspergillus calidoustus]
Length=488

 Score = 27.8 bits (58),  Expect = 203
 Identities = 7/7 (100%), Positives = 7/7 (100%), Gaps = 0/7 (0%)

Query  1    MRHIAHT  7
            MRHIAHT
Sbjct  162  MRHIAHT  168


>ref|XP_014279410.1| PREDICTED: ran-binding protein 9-like [Halyomorpha halys]
Length=519

 Score = 27.8 bits (58),  Expect = 203
 Identities = 7/7 (100%), Positives = 7/7 (100%), Gaps = 0/7 (0%)

Query  1    MRHIAHT  7
            MRHIAHT
Sbjct  334  MRHIAHT  340


>ref|XP_001886236.1| predicted protein [Laccaria bicolor S238N-H82]
Length=1587

 Score = 27.8 bits (58),  Expect = 208
 Identities = 7/9 (78%), Positives = 7/9 (78%), Gaps = 0/9 (0%)

Query  1    MRHIAHTQR  9
            MRHI H QR
Sbjct  362  MRHIDHSQR  370


>ref|WP_027953478.1| transcription-repair coupling factor [Halobacillus kuroshimensis]
Length=1178

 Score = 27.4 bits (57),  Expect = 281
 Identities = 7/8 (88%), Positives = 7/8 (88%), Gaps = 0/8 (0%)

Query  1    MRHIAHTQ  8
            MRHIA TQ
Sbjct  367  MRHIANTQ  374


>ref|XP_001608973.1| hypothetical protein [Babesia bovis T2Bo]
Length=2892

 Score = 27.4 bits (57),  Expect = 284
 Identities = 8/13 (62%), Positives = 9/13 (69%), Gaps = 2/13 (15%)

Query  1     MRHIAHT--QRCL  11
             MRH+ HT  Q CL
Sbjct  2270  MRHVTHTKSQWCL  2282


>ref|WP_046935227.1| hypothetical protein [Xanthomonas perforans]
Length=80

 Score = 26.9 bits (56),  Expect = 316
 Identities = 8/11 (73%), Positives = 9/11 (82%), Gaps = 0/11 (0%)

Query  2   RHIAHTQRCLS  12
           RHIA  +RCLS
Sbjct  31  RHIALAERCLS  41


>gb|KDQ34217.1| hypothetical protein PLEOSDRAFT_1088066 [Pleurotus ostreatus 
PC15]
Length=91

 Score = 26.9 bits (56),  Expect = 325
 Identities = 7/9 (78%), Positives = 9/9 (100%), Gaps = 0/9 (0%)

Query  4   IAHTQRCLS  12
           +AHT+RCLS
Sbjct  8   VAHTERCLS  16


>ref|WP_039420079.1| MULTISPECIES: hypothetical protein [Xanthomonas]
Length=103

 Score = 26.9 bits (56),  Expect = 332
 Identities = 8/11 (73%), Positives = 9/11 (82%), Gaps = 0/11 (0%)

Query  2   RHIAHTQRCLS  12
           RHIA  +RCLS
Sbjct  31  RHIALAERCLS  41


>gb|AJY42791.1| hypothetical protein BW21_537 [Burkholderia sp. 2002721687]
Length=158

 Score = 26.9 bits (56),  Expect = 351
 Identities = 8/10 (80%), Positives = 8/10 (80%), Gaps = 0/10 (0%)

Query  1   MRHIAHTQRC  10
           MRHIAH  RC
Sbjct  51  MRHIAHEGRC  60


>gb|KHJ90606.1| hypothetical protein OESDEN_09549 [Oesophagostomum dentatum]
Length=161

 Score = 26.9 bits (56),  Expect = 352
 Identities = 7/7 (100%), Positives = 7/7 (100%), Gaps = 0/7 (0%)

Query  4   IAHTQRC  10
           IAHTQRC
Sbjct  78  IAHTQRC  84


>ref|WP_006029379.1| MULTISPECIES: nitrilase [Burkholderia]
Length=190

 Score = 26.9 bits (56),  Expect = 357
 Identities = 8/10 (80%), Positives = 8/10 (80%), Gaps = 0/10 (0%)

Query  1   MRHIAHTQRC  10
           MRHIAH  RC
Sbjct  83  MRHIAHEGRC  92


>ref|WP_015752407.1| NUDIX hydrolase [Desulfohalobium retbaense]
Length=209

 Score = 26.9 bits (56),  Expect = 360
 Identities = 8/11 (73%), Positives = 8/11 (73%), Gaps = 0/11 (0%)

Query  1    MRHIAHTQRCL  11
            MRHI   QRCL
Sbjct  189  MRHIEDLQRCL  199


>ref|WP_053525719.1| nitrilase, partial [Burkholderia cenocepacia]
Length=210

 Score = 26.9 bits (56),  Expect = 360
 Identities = 8/10 (80%), Positives = 8/10 (80%), Gaps = 0/10 (0%)

Query  1    MRHIAHTQRC  10
            MRHIAH  RC
Sbjct  103  MRHIAHEGRC  112


>ref|WP_038862136.1| nitrilase, partial [Pseudomonas sp. R62]
Length=227

 Score = 26.9 bits (56),  Expect = 362
 Identities = 8/10 (80%), Positives = 8/10 (80%), Gaps = 0/10 (0%)

Query  1    MRHIAHTQRC  10
            MRHIAH  RC
Sbjct  200  MRHIAHEGRC  209


>ref|WP_049030823.1| nitrilase, partial [Burkholderia cenocepacia]
Length=240

 Score = 26.9 bits (56),  Expect = 363
 Identities = 8/10 (80%), Positives = 8/10 (80%), Gaps = 0/10 (0%)

Query  1    MRHIAHTQRC  10
            MRHIAH  RC
Sbjct  200  MRHIAHEGRC  209


>gb|ADM98318.1| Nitrilase/cyanide hydratase and apolipoprotein N-acyltransferase 
[Dickeya dadantii 3937]
Length=270

 Score = 26.9 bits (56),  Expect = 366
 Identities = 8/10 (80%), Positives = 8/10 (80%), Gaps = 0/10 (0%)

Query  1    MRHIAHTQRC  10
            MRHIAH  RC
Sbjct  162  MRHIAHEGRC  171


>ref|WP_017424508.1| nitrilase, partial [Burkholderia glumae]
Length=298

 Score = 26.9 bits (56),  Expect = 368
 Identities = 8/10 (80%), Positives = 8/10 (80%), Gaps = 0/10 (0%)

Query  1    MRHIAHTQRC  10
            MRHIAH  RC
Sbjct  200  MRHIAHEGRC  209


>gb|KUR75370.1| nitrilase [Novosphingobium sp. Fuku2-ISO-50]
Length=306

 Score = 26.9 bits (56),  Expect = 369
 Identities = 8/10 (80%), Positives = 8/10 (80%), Gaps = 0/10 (0%)

Query  1    MRHIAHTQRC  10
            MRHIAH  RC
Sbjct  200  MRHIAHEGRC  209


>ref|WP_054597188.1| nitrilase [Pseudomonas fluorescens]
Length=306

 Score = 26.9 bits (56),  Expect = 369
 Identities = 8/10 (80%), Positives = 8/10 (80%), Gaps = 0/10 (0%)

Query  1    MRHIAHTQRC  10
            MRHIAH  RC
Sbjct  200  MRHIAHEGRC  209


>ref|WP_060839417.1| MULTISPECIES: nitrilase [Pseudomonas]
Length=306

 Score = 26.9 bits (56),  Expect = 369
 Identities = 8/10 (80%), Positives = 8/10 (80%), Gaps = 0/10 (0%)

Query  1    MRHIAHTQRC  10
            MRHIAH  RC
Sbjct  200  MRHIAHEGRC  209


  Database: All non-redundant GenBank CDS translations+PDB+SwissProt+PIR+PRF
excluding environmental samples from WGS projects
    Posted date:  Mar 27, 2016  12:43 PM
  Number of letters in database: 30,803,427,846
  Number of sequences in database:  84,060,097

Lambda      K        H
   0.351    0.272     1.95 
Gapped
Lambda      K        H
   0.294    0.110    0.610 
Matrix: PAM30
Gap Penalties: Existence: 9, Extension: 1
Number of Sequences: 84060097
Number of Hits to DB: 43474198
Number of extensions: 430028
Number of successful extensions: 7856
Number of sequences better than 200000: 3936
Number of HSP's better than 200000 without gapping: 0
Number of HSP's gapped: 7856
Number of HSP's successfully gapped: 3945
Length of query: 12
Length of database: 30803427846
Length adjustment: 2
Effective length of query: 10
Effective length of database: 30635307652
Effective search space: 306353076520
Effective search space used: 306353076520
T: 11
A: 40
X1: 14 (7.1 bits)
X2: 35 (14.8 bits)
X3: 58 (24.6 bits)
S1: 35 (18.0 bits)
S2: 41 (20.6 bits)
ka-blk-alpha gapped: 0.48
ka-blk-alpha ungapped: 0.1938
ka-blk-alpha_v gapped: 2.46392
ka-blk-alpha_v ungapped: 0.161818
ka-blk-sigma gapped: 3.18615




